<?xml version="1.0" encoding="UTF-8"?>
<!-- Generated by org.testng.reporters.JUnitReportReporter -->
<testsuite hostname="WINMICR-P02TTRT" name="com.test.perform.GetBattery" tests="1" failures="0" timestamp="5 Nov 2019 07:16:21 GMT" time="1.361" errors="0">
  <testcase name="run" time="1.361" classname="com.test.perform.GetBattery"/>
</testsuite> <!-- com.test.perform.GetBattery -->
