<?xml version="1.0" encoding="UTF-8"?>
<!-- Generated by org.testng.reporters.JUnitReportReporter -->
<testsuite hostname="WINMICR-P02TTRT" name="com.test.perform.Execomand" tests="1" failures="0" timestamp="4 Nov 2019 06:54:13 GMT" time="8.854" errors="0">
  <testcase name="test001" time="8.854" classname="com.test.perform.Execomand"/>
</testsuite> <!-- com.test.perform.Execomand -->
