<?xml version="1.0" encoding="UTF-8"?>
<!-- Generated by org.testng.reporters.JUnitReportReporter -->
<testsuite hostname="WINMICR-P02TTRT" name="com.test.demo.ImageCompare" tests="1" failures="0" timestamp="1 Nov 2019 08:51:22 GMT" time="37.121" errors="0">
  <testcase name="testComparePic" time="37.121" classname="com.test.demo.ImageCompare"/>
</testsuite> <!-- com.test.demo.ImageCompare -->
