<?xml version="1.0" encoding="UTF-8"?>
<!-- Generated by org.testng.reporters.JUnitReportReporter -->
<testsuite hostname="WINMICR-P02TTRT" name="com.test.perform.GetFPS" tests="1" failures="0" timestamp="5 Nov 2019 07:19:34 GMT" time="1.977" errors="0">
  <testcase name="run" time="1.977" classname="com.test.perform.GetFPS"/>
</testsuite> <!-- com.test.perform.GetFPS -->
