<?xml version="1.0" encoding="UTF-8"?>
<!-- Generated by org.testng.reporters.JUnitReportReporter -->
<testsuite hostname="WINMICR-P02TTRT" name="com.test.perform.ExeCommandDemo" tests="1" failures="0" timestamp="4 Nov 2019 08:35:09 GMT" time="1.597" errors="0">
  <testcase name="test001" time="1.597" classname="com.test.perform.ExeCommandDemo"/>
</testsuite> <!-- com.test.perform.ExeCommandDemo -->
