<?xml version="1.0" encoding="UTF-8"?>
<!-- Generated by org.testng.reporters.JUnitReportReporter -->
<testsuite hostname="WINMICR-P02TTRT" name="com.test.perform.GetMemory" tests="1" failures="0" timestamp="4 Nov 2019 08:32:23 GMT" time="1.600" errors="0">
  <testcase name="MemoryTest" time="1.600" classname="com.test.perform.GetMemory"/>
</testsuite> <!-- com.test.perform.GetMemory -->
