<?xml version="1.0" encoding="UTF-8"?>
<!-- Generated by org.testng.reporters.JUnitReportReporter -->
<testsuite hostname="WINMICR-P02TTRT" name="com.test.demo.ReadWriteExcel" tests="1" failures="0" timestamp="30 Oct 2019 07:32:52 GMT" time="1.078" errors="0">
  <testcase name="test" time="1.078" classname="com.test.demo.ReadWriteExcel"/>
</testsuite> <!-- com.test.demo.ReadWriteExcel -->
