<?xml version="1.0" encoding="UTF-8"?>
<!-- Generated by org.testng.reporters.JUnitReportReporter -->
<testsuite hostname="WINMICR-P02TTRT" name="com.test.perform.GetCpu" tests="1" failures="0" timestamp="4 Nov 2019 09:26:57 GMT" time="1.118" errors="0">
  <testcase name="run" time="1.118" classname="com.test.perform.GetCpu"/>
</testsuite> <!-- com.test.perform.GetCpu -->
